<?xml version="1.0" encoding="UTF-8"?>
<!-- Generated by org.testng.reporters.JUnitXMLReporter -->
<testsuite ignored="1" hostname="DESKTOP-ND2I3TQ" failures="0" tests="2" name="ErrorValidation" time="51.17" errors="0" timestamp="2024-07-23T18:09:39 IST">
  <testcase classname="SeleniumMain.SubmitOrder" name="SubmitOrder" time="14.154"/>
  <testcase classname="SeleniumMain.SubmitOrder" name="SubmitOrder" time="15.351"/>
  <testcase classname="SeleniumMain.SubmitOrder" name="verifyProductINOrderHistory" time="0.0">
    <ignored/>
  </testcase> <!-- verifyProductINOrderHistory -->
</testsuite> <!-- ErrorValidation -->
