<?xml version="1.0" encoding="UTF-8"?>
<!-- Generated by org.testng.reporters.JUnitXMLReporter -->
<testsuite ignored="1" hostname="DESKTOP-ND2I3TQ" failures="0" tests="2" name="ErrorValidation" time="38.147" errors="0" timestamp="2024-07-30T11:50:18 IST">
  <testcase classname="SeleniumMain.SubmitOrder" name="SubmitOrder" time="13.294"/>
  <testcase classname="SeleniumMain.SubmitOrder" name="SubmitOrder" time="13.334"/>
  <testcase classname="SeleniumMain.SubmitOrder" name="verifyProductINOrderHistory" time="0.0">
    <ignored/>
  </testcase> <!-- verifyProductINOrderHistory -->
</testsuite> <!-- ErrorValidation -->
