<?xml version="1.0" encoding="UTF-8"?>
<!-- Generated by org.testng.reporters.JUnitXMLReporter -->
<testsuite ignored="2" hostname="DESKTOP-ND2I3TQ" failures="0" tests="0" time="0.013" errors="0" timestamp="2024-07-30T11:49:39 IST">
  <testcase classname="SeleniumMain.ErrorValidationLogin" name="ProductErrorValidation" time="0.0">
    <ignored/>
  </testcase> <!-- ProductErrorValidation -->
  <testcase classname="SeleniumMain.ErrorValidationLogin" name="LoginErrorValidation" time="0.0">
    <ignored/>
  </testcase> <!-- LoginErrorValidation -->
</testsuite>
